<?xml version="1.0" encoding="UTF-8"?>
<testsuites>
  <testsuite name="CodeIgniter Application Test Suite" tests="3" assertions="3" failures="0" errors="0" time="0.294864">
    <testsuite name="Welcome_test" file="/Users/nick/Desktop/www/jingtao/web/app/web/application/tests/controllers/Welcome_test.php" tests="3" assertions="3" failures="0" errors="0" time="0.294864">
      <testcase name="test_index" class="Welcome_test" file="/Users/nick/Desktop/www/jingtao/web/app/web/application/tests/controllers/Welcome_test.php" line="13" assertions="1" time="0.148647"/>
      <testcase name="test_method_404" class="Welcome_test" file="/Users/nick/Desktop/www/jingtao/web/app/web/application/tests/controllers/Welcome_test.php" line="19" assertions="1" time="0.114661"/>
      <testcase name="test_APPPATH" class="Welcome_test" file="/Users/nick/Desktop/www/jingtao/web/app/web/application/tests/controllers/Welcome_test.php" line="25" assertions="1" time="0.031556"/>
    </testsuite>
  </testsuite>
</testsuites>
